#
# A fatal error has been detected by the Java Runtime Environment:
#
#  EXCEPTION_ACCESS_VIOLATION (0xc0000005) at pc=0x000000000da67ee9, pid=5992, tid=6152
#
# JRE version: 6.0_25-b06
# Java VM: Java HotSpot(TM) 64-Bit Server VM (20.0-b11 mixed mode windows-amd64 compressed oops)
# Problematic frame:
# C  [nvoglv64.DLL+0x467ee9]
#
# If you would like to submit a bug report, please visit:
#   http://java.sun.com/webapps/bugreport/crash.jsp
# The crash happened outside the Java Virtual Machine in native code.
# See problematic frame for where to report the bug.
#

---------------  T H R E A D  ---------------

Current thread (0x000000000637f000):  JavaThread "Timer-0" [_thread_in_native, id=6152, stack(0x0000000007610000,0x0000000007710000)]

siginfo: ExceptionCode=0xc0000005, reading address 0x0000000000000ee8

Registers:
RAX=0x0000000000000000, RBX=0x00000000bc95a1c8, RCX=0x0000000000000001, RDX=0x000000000abf2000
RSP=0x000000000770f288, RBP=0x000000000770f360, RSI=0x00000000bcb25400, RDI=0x00000000024d5a0e
R8 =0x0000000000000042, R9 =0x00000000ebaf3620, R10=0x0000000000000006, R11=0x000000006df2b618
R12=0x0000000000000000, R13=0x00000000bc95a1c8, R14=0x000000000770f3a8, R15=0x000000000637f000
RIP=0x000000000da67ee9, EFLAGS=0x0000000000010206

Top of Stack: (sp=0x000000000770f288)
0x000000000770f288:   00000000062251a5 0000000000000000
0x000000000770f298:   00000000bc282e58 00000000bc95a1c8
0x000000000770f2a8:   00000000024d5a0e 000000000da67ee0
0x000000000770f2b8:   000000000abf2000 000000000000000c
0x000000000770f2c8:   00000000024e1366 000000000637f1d0
0x000000000770f2d8:   000000000770f3a8 0000000000000001
0x000000000770f2e8:   000000000770f398 0000000000000000
0x000000000770f2f8:   000000000da67ee0 000000000770f300
0x000000000770f308:   00000000bcb05b28 000000000770f350
0x000000000770f318:   00000000bcb066b8 000000000770f320
0x000000000770f328:   0000000000000000 000000000770f3a8
0x000000000770f338:   00000000bca40218 0000000000000000
0x000000000770f348:   00000000bc95a1c8 0000000000000000
0x000000000770f358:   000000000770f380 000000000770f3f0
0x000000000770f368:   00000000024d5b22 0000000000000000
0x000000000770f378:   00000000024de358 000000000da67ee0 

Instructions: (pc=0x000000000da67ee9)
0x000000000da67ec9:   cc cc cc cc cc cc cc cc cc cc cc cc cc cc cc cc
0x000000000da67ed9:   cc cc cc cc cc cc cc 65 48 8b 04 25 a0 15 00 00
0x000000000da67ee9:   ff a0 e8 0e 00 00 cc cc cc cc cc cc cc cc cc cc
0x000000000da67ef9:   cc cc cc cc cc cc cc cc cc cc cc cc cc cc cc cc 


Register to memory mapping:

RAX=0x0000000000000000 is an unknown value
RBX=0x00000000bc95a1c8 is an oop
{method} 
 - klass: {other class}
RCX=0x0000000000000001 is an unknown value
RDX=0x000000000abf2000 is an unknown value
RSP=0x000000000770f288 is pointing into the stack for thread: 0x000000000637f000
RBP=0x000000000770f360 is pointing into the stack for thread: 0x000000000637f000
RSI=0x00000000bcb25400 is an oop
{instance class} 
 - klass: {other class}
RDI=0x00000000024d5a0e is an Interpreter codelet
return entry points  [0x00000000024d51e0, 0x00000000024d67a0]  5568 bytes
R8 =0x0000000000000042 is an unknown value
R9 =0x00000000ebaf3620 is an oop
java.nio.DirectIntBufferU 
 - klass: 'java/nio/DirectIntBufferU'
R10=0x0000000000000006 is an unknown value
R11=0x000000006df2b618 is an unknown value
R12=0x0000000000000000 is an unknown value
R13=0x00000000bc95a1c8 is an oop
{method} 
 - klass: {other class}
R14=0x000000000770f3a8 is pointing into the stack for thread: 0x000000000637f000
R15=0x000000000637f000 is a thread


Stack: [0x0000000007610000,0x0000000007710000],  sp=0x000000000770f288,  free space=1020k
Native frames: (J=compiled Java code, j=interpreted, Vv=VM code, C=native code)
C  [nvoglv64.DLL+0x467ee9]
j  com.sun.opengl.impl.GLImpl.glGenBuffers(ILjava/nio/IntBuffer;)V+53
j  com.badlogic.gdx.backends.jogl.JoglGL11.glGenBuffers(ILjava/nio/IntBuffer;)V+6
j  com.badlogic.gdx.graphics.glutils.VertexBufferObject.createBufferObject()I+28
j  com.badlogic.gdx.graphics.glutils.VertexBufferObject.<init>(ZILcom/badlogic/gdx/graphics/VertexAttributes;)V+85
j  com.badlogic.gdx.graphics.glutils.VertexBufferObject.<init>(ZI[Lcom/badlogic/gdx/graphics/VertexAttribute;)V+11
j  com.badlogic.gdx.graphics.Mesh.<init>(ZII[Lcom/badlogic/gdx/graphics/VertexAttribute;)V+41
j  com.game.Mesh2d.updateMesh([Lcom/badlogic/gdx/math/Vector2;)V+56
j  com.game.Mesh2d.setRenderMode(I)V+29
j  com.game.Mesh2d.setVertices([Lcom/badlogic/gdx/math/Vector2;)V+10
j  com.game.Line.setPos1(Lcom/badlogic/gdx/math/Vector2;)V+58
j  com.game.Game.stopRoket()V+34
j  com.game.logic.Task4Timer.run()V+4
j  java.util.TimerThread.mainLoop()V+221
j  java.util.TimerThread.run()V+1
v  ~StubRoutines::call_stub
V  [jvm.dll+0x1e9a17]

Java frames: (J=compiled Java code, j=interpreted, Vv=VM code)
j  com.sun.opengl.impl.GLImpl.dispatch_glGenBuffers0(ILjava/lang/Object;IJ)V+0
j  com.sun.opengl.impl.GLImpl.glGenBuffers(ILjava/nio/IntBuffer;)V+53
j  com.badlogic.gdx.backends.jogl.JoglGL11.glGenBuffers(ILjava/nio/IntBuffer;)V+6
j  com.badlogic.gdx.graphics.glutils.VertexBufferObject.createBufferObject()I+28
j  com.badlogic.gdx.graphics.glutils.VertexBufferObject.<init>(ZILcom/badlogic/gdx/graphics/VertexAttributes;)V+85
j  com.badlogic.gdx.graphics.glutils.VertexBufferObject.<init>(ZI[Lcom/badlogic/gdx/graphics/VertexAttribute;)V+11
j  com.badlogic.gdx.graphics.Mesh.<init>(ZII[Lcom/badlogic/gdx/graphics/VertexAttribute;)V+41
j  com.game.Mesh2d.updateMesh([Lcom/badlogic/gdx/math/Vector2;)V+56
j  com.game.Mesh2d.setRenderMode(I)V+29
j  com.game.Mesh2d.setVertices([Lcom/badlogic/gdx/math/Vector2;)V+10
j  com.game.Line.setPos1(Lcom/badlogic/gdx/math/Vector2;)V+58
j  com.game.Game.stopRoket()V+34
j  com.game.logic.Task4Timer.run()V+4
j  java.util.TimerThread.mainLoop()V+221
j  java.util.TimerThread.run()V+1
v  ~StubRoutines::call_stub

---------------  P R O C E S S  ---------------

Java Threads: ( => current thread )
  0x000000000ad17000 JavaThread "D3D Screen Updater" daemon [_thread_blocked, id=6944, stack(0x000000000d500000,0x000000000d600000)]
  0x00000000005ab800 JavaThread "DestroyJavaVM" [_thread_blocked, id=7144, stack(0x0000000001cd0000,0x0000000001dd0000)]
  0x0000000007b7c800 JavaThread "Thread-4" [_thread_blocked, id=7004, stack(0x000000000d400000,0x000000000d500000)]
  0x0000000006479800 JavaThread "AWT-EventQueue-0" [_thread_in_native, id=3788, stack(0x00000000080e0000,0x00000000081e0000)]
  0x000000000643d000 JavaThread "AWT-Windows" daemon [_thread_in_native, id=1208, stack(0x0000000007fe0000,0x00000000080e0000)]
  0x0000000006435000 JavaThread "AWT-Shutdown" [_thread_blocked, id=5192, stack(0x0000000007ee0000,0x0000000007fe0000)]
  0x0000000006432000 JavaThread "Java2D Disposer" daemon [_thread_blocked, id=6672, stack(0x0000000007de0000,0x0000000007ee0000)]
=>0x000000000637f000 JavaThread "Timer-0" [_thread_in_native, id=6152, stack(0x0000000007610000,0x0000000007710000)]
  0x0000000006344800 JavaThread "Low Memory Detector" daemon [_thread_blocked, id=6364, stack(0x0000000007410000,0x0000000007510000)]
  0x0000000006330000 JavaThread "C2 CompilerThread1" daemon [_thread_blocked, id=6160, stack(0x0000000007310000,0x0000000007410000)]
  0x000000000631b800 JavaThread "C2 CompilerThread0" daemon [_thread_blocked, id=5712, stack(0x0000000007210000,0x0000000007310000)]
  0x000000000631a800 JavaThread "Attach Listener" daemon [_thread_blocked, id=3824, stack(0x0000000007110000,0x0000000007210000)]
  0x0000000006319000 JavaThread "Signal Dispatcher" daemon [_thread_blocked, id=4952, stack(0x0000000007010000,0x0000000007110000)]
  0x00000000062c8800 JavaThread "Finalizer" daemon [_thread_blocked, id=1340, stack(0x0000000006f10000,0x0000000007010000)]
  0x00000000062c2000 JavaThread "Reference Handler" daemon [_thread_blocked, id=3420, stack(0x0000000006e10000,0x0000000006f10000)]

Other Threads:
  0x00000000062b6000 VMThread [stack: 0x0000000006d10000,0x0000000006e10000] [id=6256]
  0x000000000634e800 WatcherThread [stack: 0x0000000007510000,0x0000000007610000] [id=6148]

VM state:not at safepoint (normal execution)

VM Mutex/Monitor currently owned by a thread: None

Heap
 PSYoungGen      total 18752K, used 11535K [0x00000000eb160000, 0x00000000ec640000, 0x0000000100000000)
  eden space 16128K, 71% used [0x00000000eb160000,0x00000000ebca3ff8,0x00000000ec120000)
  from space 2624K, 0% used [0x00000000ec3b0000,0x00000000ec3b0000,0x00000000ec640000)
  to   space 2624K, 0% used [0x00000000ec120000,0x00000000ec120000,0x00000000ec3b0000)
 PSOldGen        total 42880K, used 0K [0x00000000c1400000, 0x00000000c3de0000, 0x00000000eb160000)
  object space 42880K, 0% used [0x00000000c1400000,0x00000000c1400000,0x00000000c3de0000)
 PSPermGen       total 21248K, used 13461K [0x00000000bc200000, 0x00000000bd6c0000, 0x00000000c1400000)
  object space 21248K, 63% used [0x00000000bc200000,0x00000000bcf25698,0x00000000bd6c0000)

Code Cache  [0x00000000024d0000, 0x0000000002740000, 0x00000000054d0000)
 total_blobs=594 nmethods=19 adapters=529 free_code_cache=49690560 largest_free_block=11328

Dynamic libraries:
0x0000000000400000 - 0x000000000042e000 	C:\Program Files\Java\jre6\bin\javaw.exe
0x0000000077630000 - 0x00000000777d9000 	C:\Windows\SYSTEM32\ntdll.dll
0x0000000077510000 - 0x000000007762f000 	C:\Windows\system32\kernel32.dll
0x000007fefd650000 - 0x000007fefd6bc000 	C:\Windows\system32\KERNELBASE.dll
0x000007fefe650000 - 0x000007fefe72b000 	C:\Windows\system32\ADVAPI32.dll
0x000007fefe070000 - 0x000007fefe10f000 	C:\Windows\system32\msvcrt.dll
0x000007fefe1c0000 - 0x000007fefe1df000 	C:\Windows\SYSTEM32\sechost.dll
0x000007fefe7a0000 - 0x000007fefe8cd000 	C:\Windows\system32\RPCRT4.dll
0x0000000077410000 - 0x000000007750a000 	C:\Windows\system32\USER32.dll
0x000007fefe730000 - 0x000007fefe797000 	C:\Windows\system32\GDI32.dll
0x000007feff660000 - 0x000007feff66e000 	C:\Windows\system32\LPK.dll
0x000007fefdc50000 - 0x000007fefdd19000 	C:\Windows\system32\USP10.dll
0x000007fefe190000 - 0x000007fefe1be000 	C:\Windows\system32\IMM32.DLL
0x000007fefdd40000 - 0x000007fefde49000 	C:\Windows\system32\MSCTF.dll
0x000000006d7f0000 - 0x000000006dfa8000 	C:\Program Files\Java\jre6\bin\server\jvm.dll
0x000007fefaf70000 - 0x000007fefafab000 	C:\Windows\system32\WINMM.dll
0x000000006d760000 - 0x000000006d76e000 	C:\Program Files\Java\jre6\bin\verify.dll
0x000000006d3b0000 - 0x000000006d3d7000 	C:\Program Files\Java\jre6\bin\java.dll
0x00000000777f0000 - 0x00000000777f7000 	C:\Windows\system32\PSAPI.DLL
0x000000006d7b0000 - 0x000000006d7c2000 	C:\Program Files\Java\jre6\bin\zip.dll
0x000000006d000000 - 0x000000006d1c3000 	C:\Program Files\Java\jre6\bin\awt.dll
0x000007fefa8e0000 - 0x000007fefa951000 	C:\Windows\system32\WINSPOOL.DRV
0x000007fefe440000 - 0x000007fefe643000 	C:\Windows\system32\ole32.dll
0x000007fefe8d0000 - 0x000007feff658000 	C:\Windows\system32\SHELL32.dll
0x000007fefd950000 - 0x000007fefd9c1000 	C:\Windows\system32\SHLWAPI.dll
0x000007fefbd50000 - 0x000007fefbf44000 	C:\Windows\WinSxS\amd64_microsoft.windows.common-controls_6595b64144ccf1df_6.0.7601.17514_none_fa396087175ac9ac\COMCTL32.dll
0x000007fefb8c0000 - 0x000007fefb8d8000 	C:\Windows\system32\DWMAPI.DLL
0x000007fefbca0000 - 0x000007fefbcf6000 	C:\Windows\system32\uxtheme.dll
0x000007fefd4b0000 - 0x000007fefd4bf000 	C:\Windows\system32\CRYPTBASE.dll
0x000000006a5c0000 - 0x000000006a6b8000 	C:\Users\ahmet\AppData\Local\Temp\libgdx\80041558\gdx-64.dll
0x000000006d3f0000 - 0x000000006d3f7000 	C:\Program Files\Java\jre6\bin\jawt.dll
0x0000000010000000 - 0x0000000010007000 	C:\Users\ahmet\AppData\Local\Temp\libgdx\80041558\gluegen-rt-win64.dll
0x0000000071530000 - 0x00000000715f9000 	C:\Windows\WinSxS\amd64_microsoft.vc80.crt_1fc8b3b9a1e18e3b_8.0.50727.4940_none_88df89932faf0bf6\MSVCR80.dll
0x0000000001df0000 - 0x0000000001df7000 	C:\Users\ahmet\AppData\Local\Temp\libgdx\80041558\jogl_awt-win64.dll
0x0000000006210000 - 0x000000000626a000 	C:\Users\ahmet\AppData\Local\Temp\libgdx\80041558\jogl-win64.dll
0x000007fef4440000 - 0x000007fef455d000 	C:\Windows\system32\OPENGL32.dll
0x000007fef4410000 - 0x000007fef443d000 	C:\Windows\system32\GLU32.dll
0x000007fef4310000 - 0x000007fef4401000 	C:\Windows\system32\DDRAW.dll
0x000007fef4300000 - 0x000007fef4308000 	C:\Windows\system32\DCIMAN32.dll
0x000007fefda70000 - 0x000007fefdc47000 	C:\Windows\system32\SETUPAPI.dll
0x000007fefd8d0000 - 0x000007fefd906000 	C:\Windows\system32\CFGMGR32.dll
0x000007fefdf90000 - 0x000007fefe067000 	C:\Windows\system32\OLEAUT32.dll
0x000007fefd630000 - 0x000007fefd64a000 	C:\Windows\system32\DEVOBJ.dll
0x000000006d2a0000 - 0x000000006d306000 	C:\Program Files\Java\jre6\bin\fontmanager.dll
0x000007feef220000 - 0x000007feef41f000 	C:\Windows\system32\d3d9.dll
0x000007fefc670000 - 0x000007fefc67c000 	C:\Windows\system32\VERSION.dll
0x000007fef9fc0000 - 0x000007fef9fc7000 	C:\Windows\system32\d3d8thk.dll
0x000007fee87a0000 - 0x000007fee93ed000 	C:\Windows\system32\nvd3dumx.dll
0x000007fefc3c0000 - 0x000007fefc3ec000 	C:\Windows\system32\powrprof.dll
0x0000000180000000 - 0x0000000180050000 	C:\Users\ahmet\AppData\Local\Temp\libgdx\80041558\lwjgl64.dll
0x0000000008400000 - 0x0000000008453000 	C:\Users\ahmet\AppData\Local\Temp\libgdx\80041558\OpenAL64.dll
0x000007fef4560000 - 0x000007fef45e8000 	C:\Windows\system32\dsound.dll
0x000007fefd9d0000 - 0x000007fefda69000 	C:\Windows\system32\CLBCatQ.DLL
0x000007fefc370000 - 0x000007fefc3bb000 	C:\Windows\System32\MMDevApi.dll
0x000007fefbf50000 - 0x000007fefc07c000 	C:\Windows\System32\PROPSYS.dll
0x000007fefada0000 - 0x000007fefadef000 	C:\Windows\system32\AUDIOSES.DLL
0x000007fefc3f0000 - 0x000007fefc3f9000 	C:\Windows\system32\avrt.dll
0x000000000d600000 - 0x000000000e9af000 	C:\Windows\system32\nvoglv64.DLL
0x000007fefd910000 - 0x000007fefd94a000 	C:\Windows\system32\WINTRUST.dll
0x000007fefd760000 - 0x000007fefd8c7000 	C:\Windows\system32\CRYPT32.dll
0x000007fefd620000 - 0x000007fefd62f000 	C:\Windows\system32\MSASN1.dll

VM Arguments:
jvm_args: -Dfile.encoding=Cp1254 
java_command: com.game.Starter
Launcher Type: SUN_STANDARD

Environment Variables:
JAVA_HOME=C:\Program Files\Java\jdk1.6.0_25
CLASSPATH=C:\Program Files (x86)\OpenNI\Bin\org.OpenNI.jar
PATH=C:\Program Files (x86)\NVIDIA Corporation\PhysX\Common;C:\Program Files\Common Files\Microsoft Shared\Windows Live;C:\Program Files (x86)\Common Files\Microsoft Shared\Windows Live;C:\Program Files (x86)\PC Connectivity Solution\;C:\Windows\system32;C:\Windows;C:\Windows\System32\Wbem;C:\Windows\System32\WindowsPowerShell\v1.0\;C:\Program Files (x86)\Microsoft SQL Server\100\Tools\Binn\;C:\Program Files\Microsoft SQL Server\100\Tools\Binn\;C:\Program Files\Microsoft SQL Server\100\DTS\Binn\;C:\Python26;C:\Windows\system32\wbem;C:\Program Files (x86)\IVT Corporation\BlueSoleil\Mobile;C:\Program Files (x86)\Windows Live\Shared;C:\Program Files (x86)\CMake 2.8\bin;C:\Program Files\PrimeSense\NITE\Bin64;C:\Program Files\PrimeSense\SensorKinect\Bin64;C:\Program Files (x86)\Prime Sense\Sensor\Bin;C:\Program Files (x86)\PrimeSense\NITE\bin;C:\Program Files (x86)\OpenNI\Bin
USERNAME=ahmet
OS=Windows_NT
PROCESSOR_IDENTIFIER=Intel64 Family 6 Model 30 Stepping 5, GenuineIntel



---------------  S Y S T E M  ---------------

OS: Windows 7 Build 7601 Service Pack 1

CPU:total 8 (4 cores per cpu, 2 threads per core) family 6 model 30 stepping 5, cmov, cx8, fxsr, mmx, sse, sse2, sse3, ssse3, sse4.1, sse4.2, popcnt, ht

Memory: 4k page, physical 4110832k(886268k free), swap 8219816k(3797840k free)

vm_info: Java HotSpot(TM) 64-Bit Server VM (20.0-b11) for windows-amd64 JRE (1.6.0_25-b06), built on Apr 14 2011 00:44:38 by "java_re" with MS VC++ 8.0 (VS2005)

time: Sat Jun 16 16:53:05 2012
elapsed time: 4 seconds

